yarn run v1.13.0
$ webpack-dev-server --open --config webpack.dev.js
clean-webpack-plugin: /root/node-server/server-backend/dist has been removed.
[34mℹ[39m [90m｢wds｣[39m: Project is running at http://0.0.0.0:51402/
[34mℹ[39m [90m｢wds｣[39m: webpack output is served from /
[34mℹ[39m [90m｢wds｣[39m: Content not from webpack is served from ./dist
[33m⚠[39m [90m｢wds｣[39m: Unable to open browser. If you are running in a headless environment, please do not use the --open flag
[34mℹ[39m [90m｢wdm｣[39m: wait until bundle finished: /
[34mℹ[39m [90m｢wdm｣[39m: Hash: c2b0edecad21774b7cf6
Version: webpack 4.29.3
Time: 11823ms
Built at: 02/15/2019 3:56:29 PM
      Asset       Size  Chunks             Chunk Names
  bundle.js   4.65 MiB    main  [emitted]  main
favicon.ico   1.12 KiB          [emitted]  
 index.html  579 bytes          [emitted]  
Entrypoint main = bundle.js
[0] multi (webpack)-dev-server/client?http://0.0.0.0:51402 babel-polyfill ./index.js 52 bytes {main} [built]
[./index.js] 708 bytes {main} [built]
[./node_modules/babel-polyfill/lib/index.js] 833 bytes {main} [built]
[./node_modules/babel-polyfill/node_modules/regenerator-runtime/runtime.js] 23.9 KiB {main} [built]
[./node_modules/core-js/fn/regexp/escape.js] 108 bytes {main} [built]
[./node_modules/core-js/shim.js] 8.03 KiB {main} [built]
[./node_modules/loglevel/lib/loglevel.js] 7.68 KiB {main} [built]
[./node_modules/react-dom/index.js] 1.33 KiB {main} [built]
[./node_modules/react-native-web/dist/cjs/exports/StyleSheet/index.js] 628 bytes {main} [built]
[./node_modules/react-native-web/dist/cjs/exports/Text/index.js] 9.67 KiB {main} [built]
[./node_modules/react-native-web/dist/cjs/exports/View/index.js] 7.4 KiB {main} [built]
[./node_modules/react/index.js] 190 bytes {main} [built]
[./node_modules/strip-ansi/index.js] 161 bytes {main} [built]
[./node_modules/url/url.js] 22.8 KiB {main} [built]
[./node_modules/webpack-dev-server/client/index.js?http://0.0.0.0:51402] (webpack)-dev-server/client?http://0.0.0.0:51402 7.78 KiB {main} [built]
    + 454 hidden modules
Child html-webpack-plugin for "index.html":
     1 asset
    Entrypoint undefined = index.html
    [./node_modules/html-webpack-plugin/lib/loader.js!./public/index.html] 696 bytes {0} [built]
    [./node_modules/lodash/lodash.js] 527 KiB {0} [built]
    [./node_modules/webpack/buildin/global.js] (webpack)/buildin/global.js 472 bytes {0} [built]
    [./node_modules/webpack/buildin/module.js] (webpack)/buildin/module.js 497 bytes {0} [built]
[34mℹ[39m [90m｢wdm｣[39m: Compiled successfully.
